{"D:\\My Works\\Todo List Management System-Backend\\app.js": {"path":"D:\\My Works\\Todo List Management System-Backend\\app.js","statementMap":{"0":{"start":{"line":6,"column":12},"end":{"line":6,"column":21}},"1":{"start":{"line":9,"column":0},"end":{"line":9,"column":24}},"2":{"start":{"line":10,"column":0},"end":{"line":10,"column":47}},"3":{"start":{"line":13,"column":15},"end":{"line":13,"column":43}},"4":{"start":{"line":16,"column":0},"end":{"line":16,"column":29}},"5":{"start":{"line":17,"column":0},"end":{"line":17,"column":29}},"6":{"start":{"line":18,"column":0},"end":{"line":18,"column":26}},"7":{"start":{"line":19,"column":0},"end":{"line":19,"column":32}},"8":{"start":{"line":20,"column":0},"end":{"line":20,"column":35}},"9":{"start":{"line":21,"column":0},"end":{"line":21,"column":58}},"10":{"start":{"line":22,"column":0},"end":{"line":22,"column":39}},"11":{"start":{"line":23,"column":0},"end":{"line":23,"column":35}}},"fnMap":{},"branchMap":{},"s":{"0":1,"1":1,"2":1,"3":1,"4":1,"5":1,"6":1,"7":1,"8":1,"9":1,"10":1,"11":1},"f":{},"b":{},"_coverageSchema":"1a1c01bbd47fc00a2c39e90264f33305004495a9","hash":"8d953e28d5ba6f4ec7688c8adfce59bd2c344d97"}
,"D:\\My Works\\Todo List Management System-Backend\\Controller\\todoController.js": {"path":"D:\\My Works\\Todo List Management System-Backend\\Controller\\todoController.js","statementMap":{"0":{"start":{"line":8,"column":26},"end":{"line":18,"column":1}},"1":{"start":{"line":9,"column":2},"end":{"line":17,"column":3}},"2":{"start":{"line":10,"column":17},"end":{"line":10,"column":39}},"3":{"start":{"line":11,"column":4},"end":{"line":13,"column":5}},"4":{"start":{"line":12,"column":6},"end":{"line":12,"column":67}},"5":{"start":{"line":14,"column":4},"end":{"line":14,"column":41}},"6":{"start":{"line":16,"column":4},"end":{"line":16,"column":61}},"7":{"start":{"line":21,"column":23},"end":{"line":37,"column":1}},"8":{"start":{"line":22,"column":2},"end":{"line":36,"column":3}},"9":{"start":{"line":23,"column":19},"end":{"line":23,"column":29}},"10":{"start":{"line":24,"column":4},"end":{"line":24,"column":24}},"11":{"start":{"line":25,"column":4},"end":{"line":27,"column":5}},"12":{"start":{"line":26,"column":6},"end":{"line":26,"column":68}},"13":{"start":{"line":29,"column":17},"end":{"line":29,"column":45}},"14":{"start":{"line":30,"column":4},"end":{"line":32,"column":5}},"15":{"start":{"line":31,"column":6},"end":{"line":31,"column":63}},"16":{"start":{"line":33,"column":4},"end":{"line":33,"column":31}},"17":{"start":{"line":35,"column":4},"end":{"line":35,"column":61}},"18":{"start":{"line":40,"column":23},"end":{"line":53,"column":1}},"19":{"start":{"line":41,"column":2},"end":{"line":52,"column":3}},"20":{"start":{"line":42,"column":28},"end":{"line":42,"column":36}},"21":{"start":{"line":43,"column":4},"end":{"line":45,"column":5}},"22":{"start":{"line":44,"column":6},"end":{"line":44,"column":76}},"23":{"start":{"line":47,"column":17},"end":{"line":47,"column":47}},"24":{"start":{"line":48,"column":17},"end":{"line":48,"column":34}},"25":{"start":{"line":49,"column":4},"end":{"line":49,"column":71}},"26":{"start":{"line":51,"column":4},"end":{"line":51,"column":61}},"27":{"start":{"line":56,"column":26},"end":{"line":90,"column":1}},"28":{"start":{"line":57,"column":2},"end":{"line":89,"column":3}},"29":{"start":{"line":58,"column":19},"end":{"line":58,"column":29}},"30":{"start":{"line":59,"column":35},"end":{"line":59,"column":43}},"31":{"start":{"line":61,"column":4},"end":{"line":63,"column":5}},"32":{"start":{"line":62,"column":6},"end":{"line":62,"column":68}},"33":{"start":{"line":65,"column":4},"end":{"line":67,"column":5}},"34":{"start":{"line":66,"column":6},"end":{"line":66,"column":76}},"35":{"start":{"line":69,"column":4},"end":{"line":71,"column":5}},"36":{"start":{"line":70,"column":6},"end":{"line":70,"column":88}},"37":{"start":{"line":73,"column":17},"end":{"line":73,"column":19}},"38":{"start":{"line":74,"column":4},"end":{"line":76,"column":5}},"39":{"start":{"line":75,"column":6},"end":{"line":75,"column":36}},"40":{"start":{"line":77,"column":4},"end":{"line":79,"column":5}},"41":{"start":{"line":78,"column":6},"end":{"line":78,"column":26}},"42":{"start":{"line":81,"column":17},"end":{"line":81,"column":75}},"43":{"start":{"line":83,"column":4},"end":{"line":85,"column":5}},"44":{"start":{"line":84,"column":6},"end":{"line":84,"column":63}},"45":{"start":{"line":86,"column":4},"end":{"line":86,"column":73}},"46":{"start":{"line":88,"column":4},"end":{"line":88,"column":61}},"47":{"start":{"line":93,"column":26},"end":{"line":108,"column":1}},"48":{"start":{"line":94,"column":2},"end":{"line":107,"column":3}},"49":{"start":{"line":95,"column":19},"end":{"line":95,"column":29}},"50":{"start":{"line":96,"column":4},"end":{"line":98,"column":5}},"51":{"start":{"line":97,"column":6},"end":{"line":97,"column":68}},"52":{"start":{"line":100,"column":17},"end":{"line":100,"column":54}},"53":{"start":{"line":101,"column":4},"end":{"line":103,"column":5}},"54":{"start":{"line":102,"column":6},"end":{"line":102,"column":63}},"55":{"start":{"line":104,"column":4},"end":{"line":104,"column":67}},"56":{"start":{"line":106,"column":4},"end":{"line":106,"column":61}},"57":{"start":{"line":111,"column":26},"end":{"line":159,"column":1}},"58":{"start":{"line":112,"column":2},"end":{"line":158,"column":3}},"59":{"start":{"line":113,"column":4},"end":{"line":115,"column":5}},"60":{"start":{"line":114,"column":6},"end":{"line":114,"column":55}},"61":{"start":{"line":117,"column":21},"end":{"line":117,"column":34}},"62":{"start":{"line":118,"column":20},"end":{"line":118,"column":22}},"63":{"start":{"line":119,"column":27},"end":{"line":119,"column":52}},"64":{"start":{"line":120,"column":24},"end":{"line":120,"column":29}},"65":{"start":{"line":122,"column":19},"end":{"line":122,"column":66}},"66":{"start":{"line":124,"column":4},"end":{"line":133,"column":7}},"67":{"start":{"line":126,"column":29},"end":{"line":126,"column":95}},"68":{"start":{"line":126,"column":64},"end":{"line":126,"column":94}},"69":{"start":{"line":127,"column":6},"end":{"line":131,"column":7}},"70":{"start":{"line":128,"column":8},"end":{"line":128,"column":29}},"71":{"start":{"line":129,"column":8},"end":{"line":129,"column":25}},"72":{"start":{"line":130,"column":8},"end":{"line":130,"column":15}},"73":{"start":{"line":132,"column":6},"end":{"line":132,"column":25}},"74":{"start":{"line":135,"column":4},"end":{"line":149,"column":7}},"75":{"start":{"line":136,"column":6},"end":{"line":136,"column":30}},"76":{"start":{"line":138,"column":6},"end":{"line":140,"column":7}},"77":{"start":{"line":139,"column":8},"end":{"line":139,"column":70}},"78":{"start":{"line":142,"column":6},"end":{"line":148,"column":7}},"79":{"start":{"line":143,"column":30},"end":{"line":143,"column":65}},"80":{"start":{"line":144,"column":8},"end":{"line":144,"column":92}},"81":{"start":{"line":146,"column":8},"end":{"line":146,"column":59}},"82":{"start":{"line":147,"column":8},"end":{"line":147,"column":65}},"83":{"start":{"line":151,"column":4},"end":{"line":155,"column":7}},"84":{"start":{"line":152,"column":6},"end":{"line":152,"column":49}},"85":{"start":{"line":153,"column":6},"end":{"line":153,"column":30}},"86":{"start":{"line":154,"column":6},"end":{"line":154,"column":63}},"87":{"start":{"line":157,"column":4},"end":{"line":157,"column":61}},"88":{"start":{"line":163,"column":28},"end":{"line":183,"column":1}},"89":{"start":{"line":164,"column":2},"end":{"line":182,"column":3}},"90":{"start":{"line":165,"column":17},"end":{"line":165,"column":78}},"91":{"start":{"line":166,"column":4},"end":{"line":168,"column":5}},"92":{"start":{"line":167,"column":6},"end":{"line":167,"column":67}},"93":{"start":{"line":172,"column":19},"end":{"line":172,"column":43}},"94":{"start":{"line":173,"column":17},"end":{"line":173,"column":27}},"95":{"start":{"line":174,"column":19},"end":{"line":174,"column":35}},"96":{"start":{"line":175,"column":16},"end":{"line":175,"column":34}},"97":{"start":{"line":177,"column":4},"end":{"line":177,"column":43}},"98":{"start":{"line":178,"column":4},"end":{"line":178,"column":32}},"99":{"start":{"line":179,"column":4},"end":{"line":179,"column":30}},"100":{"start":{"line":181,"column":4},"end":{"line":181,"column":61}},"101":{"start":{"line":186,"column":26},"end":{"line":201,"column":1}},"102":{"start":{"line":187,"column":2},"end":{"line":200,"column":3}},"103":{"start":{"line":188,"column":23},"end":{"line":188,"column":32}},"104":{"start":{"line":189,"column":4},"end":{"line":191,"column":5}},"105":{"start":{"line":190,"column":6},"end":{"line":190,"column":83}},"106":{"start":{"line":193,"column":17},"end":{"line":193,"column":49}},"107":{"start":{"line":194,"column":4},"end":{"line":196,"column":5}},"108":{"start":{"line":195,"column":6},"end":{"line":195,"column":64}},"109":{"start":{"line":197,"column":4},"end":{"line":197,"column":41}},"110":{"start":{"line":199,"column":4},"end":{"line":199,"column":61}}},"fnMap":{"0":{"name":"(anonymous_0)","decl":{"start":{"line":8,"column":26},"end":{"line":8,"column":27}},"loc":{"start":{"line":8,"column":46},"end":{"line":18,"column":1}},"line":8},"1":{"name":"(anonymous_1)","decl":{"start":{"line":21,"column":23},"end":{"line":21,"column":24}},"loc":{"start":{"line":21,"column":43},"end":{"line":37,"column":1}},"line":21},"2":{"name":"(anonymous_2)","decl":{"start":{"line":40,"column":23},"end":{"line":40,"column":24}},"loc":{"start":{"line":40,"column":43},"end":{"line":53,"column":1}},"line":40},"3":{"name":"(anonymous_3)","decl":{"start":{"line":56,"column":26},"end":{"line":56,"column":27}},"loc":{"start":{"line":56,"column":46},"end":{"line":90,"column":1}},"line":56},"4":{"name":"(anonymous_4)","decl":{"start":{"line":93,"column":26},"end":{"line":93,"column":27}},"loc":{"start":{"line":93,"column":46},"end":{"line":108,"column":1}},"line":93},"5":{"name":"(anonymous_5)","decl":{"start":{"line":111,"column":26},"end":{"line":111,"column":27}},"loc":{"start":{"line":111,"column":46},"end":{"line":159,"column":1}},"line":111},"6":{"name":"(anonymous_6)","decl":{"start":{"line":124,"column":22},"end":{"line":124,"column":23}},"loc":{"start":{"line":124,"column":32},"end":{"line":133,"column":5}},"line":124},"7":{"name":"(anonymous_7)","decl":{"start":{"line":126,"column":53},"end":{"line":126,"column":54}},"loc":{"start":{"line":126,"column":64},"end":{"line":126,"column":94}},"line":126},"8":{"name":"(anonymous_8)","decl":{"start":{"line":135,"column":21},"end":{"line":135,"column":22}},"loc":{"start":{"line":135,"column":33},"end":{"line":149,"column":5}},"line":135},"9":{"name":"(anonymous_9)","decl":{"start":{"line":151,"column":23},"end":{"line":151,"column":24}},"loc":{"start":{"line":151,"column":34},"end":{"line":155,"column":5}},"line":151},"10":{"name":"(anonymous_10)","decl":{"start":{"line":163,"column":28},"end":{"line":163,"column":29}},"loc":{"start":{"line":163,"column":48},"end":{"line":183,"column":1}},"line":163},"11":{"name":"(anonymous_11)","decl":{"start":{"line":186,"column":26},"end":{"line":186,"column":27}},"loc":{"start":{"line":186,"column":46},"end":{"line":201,"column":1}},"line":186}},"branchMap":{"0":{"loc":{"start":{"line":11,"column":4},"end":{"line":13,"column":5}},"type":"if","locations":[{"start":{"line":11,"column":4},"end":{"line":13,"column":5}},{"start":{},"end":{}}],"line":11},"1":{"loc":{"start":{"line":25,"column":4},"end":{"line":27,"column":5}},"type":"if","locations":[{"start":{"line":25,"column":4},"end":{"line":27,"column":5}},{"start":{},"end":{}}],"line":25},"2":{"loc":{"start":{"line":25,"column":8},"end":{"line":25,"column":51}},"type":"binary-expr","locations":[{"start":{"line":25,"column":8},"end":{"line":25,"column":11}},{"start":{"line":25,"column":15},"end":{"line":25,"column":51}}],"line":25},"3":{"loc":{"start":{"line":30,"column":4},"end":{"line":32,"column":5}},"type":"if","locations":[{"start":{"line":30,"column":4},"end":{"line":32,"column":5}},{"start":{},"end":{}}],"line":30},"4":{"loc":{"start":{"line":43,"column":4},"end":{"line":45,"column":5}},"type":"if","locations":[{"start":{"line":43,"column":4},"end":{"line":45,"column":5}},{"start":{},"end":{}}],"line":43},"5":{"loc":{"start":{"line":43,"column":8},"end":{"line":43,"column":49}},"type":"binary-expr","locations":[{"start":{"line":43,"column":8},"end":{"line":43,"column":20}},{"start":{"line":43,"column":24},"end":{"line":43,"column":49}}],"line":43},"6":{"loc":{"start":{"line":61,"column":4},"end":{"line":63,"column":5}},"type":"if","locations":[{"start":{"line":61,"column":4},"end":{"line":63,"column":5}},{"start":{},"end":{}}],"line":61},"7":{"loc":{"start":{"line":61,"column":8},"end":{"line":61,"column":51}},"type":"binary-expr","locations":[{"start":{"line":61,"column":8},"end":{"line":61,"column":11}},{"start":{"line":61,"column":15},"end":{"line":61,"column":51}}],"line":61},"8":{"loc":{"start":{"line":65,"column":4},"end":{"line":67,"column":5}},"type":"if","locations":[{"start":{"line":65,"column":4},"end":{"line":67,"column":5}},{"start":{},"end":{}}],"line":65},"9":{"loc":{"start":{"line":65,"column":7},"end":{"line":65,"column":60}},"type":"binary-expr","locations":[{"start":{"line":65,"column":7},"end":{"line":65,"column":31}},{"start":{"line":65,"column":35},"end":{"line":65,"column":60}}],"line":65},"10":{"loc":{"start":{"line":69,"column":4},"end":{"line":71,"column":5}},"type":"if","locations":[{"start":{"line":69,"column":4},"end":{"line":71,"column":5}},{"start":{},"end":{}}],"line":69},"11":{"loc":{"start":{"line":69,"column":7},"end":{"line":69,"column":65}},"type":"binary-expr","locations":[{"start":{"line":69,"column":7},"end":{"line":69,"column":13}},{"start":{"line":69,"column":18},"end":{"line":69,"column":38}},{"start":{"line":69,"column":42},"end":{"line":69,"column":64}}],"line":69},"12":{"loc":{"start":{"line":74,"column":4},"end":{"line":76,"column":5}},"type":"if","locations":[{"start":{"line":74,"column":4},"end":{"line":76,"column":5}},{"start":{},"end":{}}],"line":74},"13":{"loc":{"start":{"line":77,"column":4},"end":{"line":79,"column":5}},"type":"if","locations":[{"start":{"line":77,"column":4},"end":{"line":79,"column":5}},{"start":{},"end":{}}],"line":77},"14":{"loc":{"start":{"line":83,"column":4},"end":{"line":85,"column":5}},"type":"if","locations":[{"start":{"line":83,"column":4},"end":{"line":85,"column":5}},{"start":{},"end":{}}],"line":83},"15":{"loc":{"start":{"line":96,"column":4},"end":{"line":98,"column":5}},"type":"if","locations":[{"start":{"line":96,"column":4},"end":{"line":98,"column":5}},{"start":{},"end":{}}],"line":96},"16":{"loc":{"start":{"line":96,"column":8},"end":{"line":96,"column":51}},"type":"binary-expr","locations":[{"start":{"line":96,"column":8},"end":{"line":96,"column":11}},{"start":{"line":96,"column":15},"end":{"line":96,"column":51}}],"line":96},"17":{"loc":{"start":{"line":101,"column":4},"end":{"line":103,"column":5}},"type":"if","locations":[{"start":{"line":101,"column":4},"end":{"line":103,"column":5}},{"start":{},"end":{}}],"line":101},"18":{"loc":{"start":{"line":113,"column":4},"end":{"line":115,"column":5}},"type":"if","locations":[{"start":{"line":113,"column":4},"end":{"line":115,"column":5}},{"start":{},"end":{}}],"line":113},"19":{"loc":{"start":{"line":127,"column":6},"end":{"line":131,"column":7}},"type":"if","locations":[{"start":{"line":127,"column":6},"end":{"line":131,"column":7}},{"start":{},"end":{}}],"line":127},"20":{"loc":{"start":{"line":138,"column":6},"end":{"line":140,"column":7}},"type":"if","locations":[{"start":{"line":138,"column":6},"end":{"line":140,"column":7}},{"start":{},"end":{}}],"line":138},"21":{"loc":{"start":{"line":166,"column":4},"end":{"line":168,"column":5}},"type":"if","locations":[{"start":{"line":166,"column":4},"end":{"line":168,"column":5}},{"start":{},"end":{}}],"line":166},"22":{"loc":{"start":{"line":189,"column":4},"end":{"line":191,"column":5}},"type":"if","locations":[{"start":{"line":189,"column":4},"end":{"line":191,"column":5}},{"start":{},"end":{}}],"line":189},"23":{"loc":{"start":{"line":194,"column":4},"end":{"line":196,"column":5}},"type":"if","locations":[{"start":{"line":194,"column":4},"end":{"line":196,"column":5}},{"start":{},"end":{}}],"line":194}},"s":{"0":1,"1":2,"2":2,"3":2,"4":1,"5":1,"6":0,"7":1,"8":3,"9":3,"10":3,"11":3,"12":1,"13":2,"14":2,"15":1,"16":1,"17":0,"18":1,"19":2,"20":2,"21":2,"22":1,"23":1,"24":1,"25":1,"26":0,"27":1,"28":4,"29":4,"30":4,"31":4,"32":1,"33":3,"34":1,"35":2,"36":1,"37":1,"38":1,"39":1,"40":1,"41":0,"42":1,"43":1,"44":0,"45":1,"46":0,"47":1,"48":3,"49":3,"50":3,"51":1,"52":2,"53":2,"54":1,"55":1,"56":0,"57":1,"58":2,"59":2,"60":1,"61":1,"62":1,"63":1,"64":1,"65":1,"66":1,"67":2,"68":4,"69":2,"70":0,"71":0,"72":0,"73":2,"74":1,"75":1,"76":1,"77":0,"78":1,"79":1,"80":1,"81":0,"82":0,"83":1,"84":0,"85":0,"86":0,"87":0,"88":1,"89":2,"90":2,"91":2,"92":1,"93":1,"94":1,"95":1,"96":1,"97":1,"98":1,"99":1,"100":0,"101":1,"102":3,"103":3,"104":3,"105":1,"106":2,"107":2,"108":1,"109":1,"110":0},"f":{"0":2,"1":3,"2":2,"3":4,"4":3,"5":2,"6":2,"7":4,"8":1,"9":0,"10":2,"11":3},"b":{"0":[1,1],"1":[1,2],"2":[3,3],"3":[1,1],"4":[1,1],"5":[2,1],"6":[1,3],"7":[4,4],"8":[1,2],"9":[3,2],"10":[1,1],"11":[2,1,1],"12":[1,0],"13":[0,1],"14":[0,1],"15":[1,2],"16":[3,3],"17":[1,1],"18":[1,1],"19":[0,2],"20":[0,1],"21":[1,1],"22":[1,2],"23":[1,1]},"_coverageSchema":"1a1c01bbd47fc00a2c39e90264f33305004495a9","hash":"16f5a1e0468029b7a4889c62de9ff64e5c3fbe41"}
,"D:\\My Works\\Todo List Management System-Backend\\Model\\todoModel.js": {"path":"D:\\My Works\\Todo List Management System-Backend\\Model\\todoModel.js","statementMap":{"0":{"start":{"line":4,"column":17},"end":{"line":13,"column":2}}},"fnMap":{},"branchMap":{},"s":{"0":1},"f":{},"b":{},"_coverageSchema":"1a1c01bbd47fc00a2c39e90264f33305004495a9","hash":"2188e39062f743710197c93f34a96499e87cd76d"}
}
