TN:
SF:app.js
FNF:0
FNH:0
DA:6,1
DA:9,1
DA:10,1
DA:13,1
DA:16,1
DA:17,1
DA:18,1
DA:19,1
DA:20,1
DA:21,1
DA:22,1
DA:23,1
LF:12
LH:12
BRF:0
BRH:0
end_of_record
TN:
SF:Controller\todoController.js
FN:8,(anonymous_0)
FN:21,(anonymous_1)
FN:40,(anonymous_2)
FN:56,(anonymous_3)
FN:93,(anonymous_4)
FN:111,(anonymous_5)
FN:124,(anonymous_6)
FN:126,(anonymous_7)
FN:135,(anonymous_8)
FN:151,(anonymous_9)
FN:163,(anonymous_10)
FN:186,(anonymous_11)
FNF:12
FNH:11
FNDA:2,(anonymous_0)
FNDA:3,(anonymous_1)
FNDA:2,(anonymous_2)
FNDA:4,(anonymous_3)
FNDA:3,(anonymous_4)
FNDA:2,(anonymous_5)
FNDA:2,(anonymous_6)
FNDA:4,(anonymous_7)
FNDA:1,(anonymous_8)
FNDA:0,(anonymous_9)
FNDA:2,(anonymous_10)
FNDA:3,(anonymous_11)
DA:8,1
DA:9,2
DA:10,2
DA:11,2
DA:12,1
DA:14,1
DA:16,0
DA:21,1
DA:22,3
DA:23,3
DA:24,3
DA:25,3
DA:26,1
DA:29,2
DA:30,2
DA:31,1
DA:33,1
DA:35,0
DA:40,1
DA:41,2
DA:42,2
DA:43,2
DA:44,1
DA:47,1
DA:48,1
DA:49,1
DA:51,0
DA:56,1
DA:57,4
DA:58,4
DA:59,4
DA:61,4
DA:62,1
DA:65,3
DA:66,1
DA:69,2
DA:70,1
DA:73,1
DA:74,1
DA:75,1
DA:77,1
DA:78,0
DA:81,1
DA:83,1
DA:84,0
DA:86,1
DA:88,0
DA:93,1
DA:94,3
DA:95,3
DA:96,3
DA:97,1
DA:100,2
DA:101,2
DA:102,1
DA:104,1
DA:106,0
DA:111,1
DA:112,2
DA:113,2
DA:114,1
DA:117,1
DA:118,1
DA:119,1
DA:120,1
DA:122,1
DA:124,1
DA:126,4
DA:127,2
DA:128,0
DA:129,0
DA:130,0
DA:132,2
DA:135,1
DA:136,1
DA:138,1
DA:139,0
DA:142,1
DA:143,1
DA:144,1
DA:146,0
DA:147,0
DA:151,1
DA:152,0
DA:153,0
DA:154,0
DA:157,0
DA:163,1
DA:164,2
DA:165,2
DA:166,2
DA:167,1
DA:172,1
DA:173,1
DA:174,1
DA:175,1
DA:177,1
DA:178,1
DA:179,1
DA:181,0
DA:186,1
DA:187,3
DA:188,3
DA:189,3
DA:190,1
DA:193,2
DA:194,2
DA:195,1
DA:197,1
DA:199,0
LF:110
LH:91
BRDA:11,0,0,1
BRDA:11,0,1,1
BRDA:25,1,0,1
BRDA:25,1,1,2
BRDA:25,2,0,3
BRDA:25,2,1,3
BRDA:30,3,0,1
BRDA:30,3,1,1
BRDA:43,4,0,1
BRDA:43,4,1,1
BRDA:43,5,0,2
BRDA:43,5,1,1
BRDA:61,6,0,1
BRDA:61,6,1,3
BRDA:61,7,0,4
BRDA:61,7,1,4
BRDA:65,8,0,1
BRDA:65,8,1,2
BRDA:65,9,0,3
BRDA:65,9,1,2
BRDA:69,10,0,1
BRDA:69,10,1,1
BRDA:69,11,0,2
BRDA:69,11,1,1
BRDA:69,11,2,1
BRDA:74,12,0,1
BRDA:74,12,1,0
BRDA:77,13,0,0
BRDA:77,13,1,1
BRDA:83,14,0,0
BRDA:83,14,1,1
BRDA:96,15,0,1
BRDA:96,15,1,2
BRDA:96,16,0,3
BRDA:96,16,1,3
BRDA:101,17,0,1
BRDA:101,17,1,1
BRDA:113,18,0,1
BRDA:113,18,1,1
BRDA:127,19,0,0
BRDA:127,19,1,2
BRDA:138,20,0,0
BRDA:138,20,1,1
BRDA:166,21,0,1
BRDA:166,21,1,1
BRDA:189,22,0,1
BRDA:189,22,1,2
BRDA:194,23,0,1
BRDA:194,23,1,1
BRF:49
BRH:44
end_of_record
TN:
SF:Model\todoModel.js
FNF:0
FNH:0
DA:4,1
LF:1
LH:1
BRF:0
BRH:0
end_of_record
